<?xml version="1.0" encoding="UTF-8"?>
<testng-results skipped="0" failed="0" ignored="0" total="1" passed="1">
  <reporter-output>
  </reporter-output>
  <suite name="Default suite" duration-ms="8754" started-at="2019-08-04T07:04:15Z" finished-at="2019-08-04T07:04:24Z">
    <groups>
    </groups>
    <test name="Default test" duration-ms="8754" started-at="2019-08-04T07:04:15Z" finished-at="2019-08-04T07:04:24Z">
      <class name="com.leaftaps.testcases.CreateNewLead">
        <test-method status="PASS" signature="login()[pri:0, instance:com.leaftaps.testcases.CreateNewLead@f6c48ac]" name="login" is-config="true" duration-ms="5325" started-at="2019-08-04T07:04:10Z" finished-at="2019-08-04T07:04:15Z">
          <reporter-output>
          </reporter-output>
        </test-method> <!-- login -->
        <test-method status="PASS" signature="createLead()[pri:0, instance:com.leaftaps.testcases.CreateNewLead@f6c48ac]" name="createLead" duration-ms="8728" started-at="2019-08-04T07:04:15Z" finished-at="2019-08-04T07:04:24Z">
          <reporter-output>
          </reporter-output>
        </test-method> <!-- createLead -->
      </class> <!-- com.leaftaps.testcases.CreateNewLead -->
    </test> <!-- Default test -->
  </suite> <!-- Default suite -->
</testng-results>
